# JRE version: OpenJDK Runtime Environment (8.0_275-b01) (build 1.8.0_275-b01)
# Java VM: OpenJDK 64-Bit Server VM (25.275-b01 mixed mode windows-amd64 compressed oops)
Heap:
 PSYoungGen      total 147456K, used 134387K [0x00000000f5580000, 0x00000000ffd00000, 0x0000000100000000)
  eden space 125440K, 100% used [0x00000000f5580000,0x00000000fd000000,0x00000000fd000000)
  from space 22016K, 40% used [0x00000000fe780000,0x00000000ff03cfc0,0x00000000ffd00000)
  to   space 23040K, 61% used [0x00000000fd000000,0x00000000fdde7d48,0x00000000fe680000)
 ParOldGen       total 297472K, used 218288K [0x00000000e0000000, 0x00000000f2280000, 0x00000000f5580000)
  object space 297472K, 73% used [0x00000000e0000000,0x00000000ed52c020,0x00000000f2280000)
 Metaspace       used 130873K, capacity 141590K, committed 143768K, reserved 1173504K
  class space    used 16911K, capacity 19355K, committed 20120K, reserved 1048576K
GC Heap History (10 events):
Event: 6784.589 GC heap before
{Heap before GC invocations=114 (full 6):
 PSYoungGen      total 132608K, used 132300K [0x00000000f5580000, 0x00000000ffe00000, 0x0000000100000000)
  eden space 120320K, 100% used [0x00000000f5580000,0x00000000fcb00000,0x00000000fcb00000)
  from space 12288K, 97% used [0x00000000fcb00000,0x00000000fd6b33f8,0x00000000fd700000)
  to   space 26112K, 0% used [0x00000000fe480000,0x00000000fe480000,0x00000000ffe00000)
 ParOldGen       total 297472K, used 177551K [0x00000000e0000000, 0x00000000f2280000, 0x00000000f5580000)
  object space 297472K, 59% used [0x00000000e0000000,0x00000000ead63e40,0x00000000f2280000)
 Metaspace       used 130741K, capacity 141356K, committed 143768K, reserved 1173504K
  class space    used 16905K, capacity 19354K, committed 20120K, reserved 1048576K
Event: 6784.626 GC heap after
Heap after GC invocations=114 (full 6):
 PSYoungGen      total 146432K, used 1472K [0x00000000f5580000, 0x0000000100000000, 0x0000000100000000)
  eden space 120320K, 0% used [0x00000000f5580000,0x00000000f5580000,0x00000000fcb00000)
  from space 26112K, 5% used [0x00000000fe480000,0x00000000fe5f0010,0x00000000ffe00000)
  to   space 26112K, 0% used [0x00000000fcb00000,0x00000000fcb00000,0x00000000fe480000)
 ParOldGen       total 297472K, used 186676K [0x00000000e0000000, 0x00000000f2280000, 0x00000000f5580000)
  object space 297472K, 62% used [0x00000000e0000000,0x00000000eb64d0a8,0x00000000f2280000)
 Metaspace       used 130741K, capacity 141356K, committed 143768K, reserved 1173504K
  class space    used 16905K, capacity 19354K, committed 20120K, reserved 1048576K
}
Event: 6787.144 GC heap before
{Heap before GC invocations=115 (full 6):
 PSYoungGen      total 146432K, used 121792K [0x00000000f5580000, 0x0000000100000000, 0x0000000100000000)
  eden space 120320K, 100% used [0x00000000f5580000,0x00000000fcb00000,0x00000000fcb00000)
  from space 26112K, 5% used [0x00000000fe480000,0x00000000fe5f0010,0x00000000ffe00000)
  to   space 26112K, 0% used [0x00000000fcb00000,0x00000000fcb00000,0x00000000fe480000)
 ParOldGen       total 297472K, used 186676K [0x00000000e0000000, 0x00000000f2280000, 0x00000000f5580000)
  object space 297472K, 62% used [0x00000000e0000000,0x00000000eb64d0a8,0x00000000f2280000)
 Metaspace       used 130763K, capacity 141440K, committed 143768K, reserved 1173504K
  class space    used 16906K, capacity 19354K, committed 20120K, reserved 1048576K
Event: 6787.281 GC heap after
Heap after GC invocations=115 (full 6):
 PSYoungGen      total 146432K, used 14153K [0x00000000f5580000, 0x0000000100000000, 0x0000000100000000)
  eden space 120320K, 0% used [0x00000000f5580000,0x00000000f5580000,0x00000000fcb00000)
  from space 26112K, 54% used [0x00000000fcb00000,0x00000000fd8d2760,0x00000000fe480000)
  to   space 26112K, 0% used [0x00000000fe680000,0x00000000fe680000,0x0000000100000000)
 ParOldGen       total 297472K, used 188009K [0x00000000e0000000, 0x00000000f2280000, 0x00000000f5580000)
  object space 297472K, 63% used [0x00000000e0000000,0x00000000eb79a448,0x00000000f2280000)
 Metaspace       used 130763K, capacity 141440K, committed 143768K, reserved 1173504K
  class space    used 16906K, capacity 19354K, committed 20120K, reserved 1048576K
}
Event: 6789.430 GC heap before
{Heap before GC invocations=116 (full 6):
 PSYoungGen      total 146432K, used 134473K [0x00000000f5580000, 0x0000000100000000, 0x0000000100000000)
  eden space 120320K, 100% used [0x00000000f5580000,0x00000000fcb00000,0x00000000fcb00000)
  from space 26112K, 54% used [0x00000000fcb00000,0x00000000fd8d2760,0x00000000fe480000)
  to   space 26112K, 0% used [0x00000000fe680000,0x00000000fe680000,0x0000000100000000)
 ParOldGen       total 297472K, used 188009K [0x00000000e0000000, 0x00000000f2280000, 0x00000000f5580000)
  object space 297472K, 63% used [0x00000000e0000000,0x00000000eb79a448,0x00000000f2280000)
 Metaspace       used 130791K, capacity 141440K, committed 143768K, reserved 1173504K
  class space    used 16907K, capacity 19354K, committed 20120K, reserved 1048576K
Event: 6789.468 GC heap after
Heap after GC invocations=116 (full 6):
 PSYoungGen      total 146432K, used 5314K [0x00000000f5580000, 0x00000000ffe00000, 0x0000000100000000)
  eden space 122368K, 0% used [0x00000000f5580000,0x00000000f5580000,0x00000000fcd00000)
  from space 24064K, 22% used [0x00000000fe680000,0x00000000febb0810,0x00000000ffe00000)
  to   space 25088K, 0% used [0x00000000fcd00000,0x00000000fcd00000,0x00000000fe580000)
 ParOldGen       total 297472K, used 196834K [0x00000000e0000000, 0x00000000f2280000, 0x00000000f5580000)
  object space 297472K, 66% used [0x00000000e0000000,0x00000000ec038810,0x00000000f2280000)
 Metaspace       used 130791K, capacity 141440K, committed 143768K, reserved 1173504K
  class space    used 16907K, capacity 19354K, committed 20120K, reserved 1048576K
}
Event: 6790.941 GC heap before
{Heap before GC invocations=117 (full 6):
 PSYoungGen      total 146432K, used 127682K [0x00000000f5580000, 0x00000000ffe00000, 0x0000000100000000)
  eden space 122368K, 100% used [0x00000000f5580000,0x00000000fcd00000,0x00000000fcd00000)
  from space 24064K, 22% used [0x00000000fe680000,0x00000000febb0810,0x00000000ffe00000)
  to   space 25088K, 0% used [0x00000000fcd00000,0x00000000fcd00000,0x00000000fe580000)
 ParOldGen       total 297472K, used 196834K [0x00000000e0000000, 0x00000000f2280000, 0x00000000f5580000)
  object space 297472K, 66% used [0x00000000e0000000,0x00000000ec038810,0x00000000f2280000)
 Metaspace       used 130820K, capacity 141456K, committed 143768K, reserved 1173504K
  class space    used 16907K, capacity 19354K, committed 20120K, reserved 1048576K
Event: 6790.986 GC heap after
Heap after GC invocations=117 (full 6):
 PSYoungGen      total 147456K, used 10618K [0x00000000f5580000, 0x00000000fff00000, 0x0000000100000000)
  eden space 122368K, 0% used [0x00000000f5580000,0x00000000f5580000,0x00000000fcd00000)
  from space 25088K, 42% used [0x00000000fcd00000,0x00000000fd75ea08,0x00000000fe580000)
  to   space 24064K, 0% used [0x00000000fe780000,0x00000000fe780000,0x00000000fff00000)
 ParOldGen       total 297472K, used 201314K [0x00000000e0000000, 0x00000000f2280000, 0x00000000f5580000)
  object space 297472K, 67% used [0x00000000e0000000,0x00000000ec498a60,0x00000000f2280000)
 Metaspace       used 130820K, capacity 141456K, committed 143768K, reserved 1173504K
  class space    used 16907K, capacity 19354K, committed 20120K, reserved 1048576K
}
Event: 6791.826 GC heap before
{Heap before GC invocations=118 (full 6):
 PSYoungGen      total 147456K, used 132986K [0x00000000f5580000, 0x00000000fff00000, 0x0000000100000000)
  eden space 122368K, 100% used [0x00000000f5580000,0x00000000fcd00000,0x00000000fcd00000)
  from space 25088K, 42% used [0x00000000fcd00000,0x00000000fd75ea08,0x00000000fe580000)
  to   space 24064K, 0% used [0x00000000fe780000,0x00000000fe780000,0x00000000fff00000)
 ParOldGen       total 297472K, used 201314K [0x00000000e0000000, 0x00000000f2280000, 0x00000000f5580000)
  object space 297472K, 67% used [0x00000000e0000000,0x00000000ec498a60,0x00000000f2280000)
 Metaspace       used 130841K, capacity 141462K, committed 143768K, reserved 1173504K
  class space    used 16909K, capacity 19355K, committed 20120K, reserved 1048576K
Event: 6791.903 GC heap after
Heap after GC invocations=118 (full 6):
 PSYoungGen      total 147456K, used 8947K [0x00000000f5580000, 0x00000000ffd00000, 0x0000000100000000)
  eden space 125440K, 0% used [0x00000000f5580000,0x00000000f5580000,0x00000000fd000000)
  from space 22016K, 40% used [0x00000000fe780000,0x00000000ff03cfc0,0x00000000ffd00000)
  to   space 23040K, 0% used [0x00000000fd000000,0x00000000fd000000,0x00000000fe680000)
 ParOldGen       total 297472K, used 210651K [0x00000000e0000000, 0x00000000f2280000, 0x00000000f5580000)
  object space 297472K, 70% used [0x00000000e0000000,0x00000000ecdb6de0,0x00000000f2280000)
 Metaspace       used 130841K, capacity 141462K, committed 143768K, reserved 1173504K
  class space    used 16909K, capacity 19355K, committed 20120K, reserved 1048576K
}

